[22:24:46] [ServerMain/INFO]: Environment: Environment[sessionHost=https://sessionserver.mojang.com, servicesHost=https://api.minecraftservices.com, name=PROD]
[22:24:47] [ServerMain/INFO]: No existing world data, creating new world
[22:24:48] [ServerMain/INFO]: Loaded 1370 recipes
[22:24:48] [ServerMain/INFO]: Loaded 1481 advancements
[22:24:48] [Server thread/INFO]: Starting minecraft server version 1.21.4
[22:24:48] [Server thread/INFO]: Loading properties
[22:24:48] [Server thread/INFO]: Default game type: SURVIVAL
[22:24:48] [Server thread/INFO]: Generating keypair
[22:24:48] [Server thread/INFO]: Starting Minecraft server on *:25565
[22:24:48] [Server thread/INFO]: Using epoll channel type
[22:24:48] [Server thread/WARN]: **** SERVER IS RUNNING IN OFFLINE/INSECURE MODE!
[22:24:48] [Server thread/WARN]: The server will make no attempt to authenticate usernames. Beware.
[22:24:48] [Server thread/WARN]: While this makes the game possible to play without internet access, it also opens up the ability for hackers to connect with any username they choose.
[22:24:48] [Server thread/WARN]: To change this, set "online-mode" to "true" in the server.properties file.
[22:24:48] [Server thread/INFO]: Preparing level "world"
[22:24:55] [Server thread/INFO]: Preparing start region for dimension minecraft:overworld
[22:24:55] [Worker-Main-1/INFO]: Preparing spawn area: 2%
[22:24:56] [Worker-Main-2/INFO]: Preparing spawn area: 2%
[22:24:56] [Worker-Main-1/INFO]: Preparing spawn area: 2%
[22:24:57] [Worker-Main-1/INFO]: Preparing spawn area: 2%
[22:24:57] [Worker-Main-3/INFO]: Preparing spawn area: 18%
[22:24:58] [Worker-Main-2/INFO]: Preparing spawn area: 18%
[22:24:58] [Worker-Main-1/INFO]: Preparing spawn area: 51%
[22:24:59] [Worker-Main-1/INFO]: Preparing spawn area: 51%
[22:24:59] [Worker-Main-1/INFO]: Preparing spawn area: 51%
[22:25:00] [Server thread/INFO]: Time elapsed: 4429 ms
[22:25:00] [Server thread/INFO]: Done (11.577s)! For help, type "help"
[22:26:00] [Server thread/INFO]: Server empty for 60 seconds, pausing
